<?xml version="1.0" encoding="UTF-8"?>
<testsuite name="UserTest" tests="1" skipped="0" failures="0" errors="0" timestamp="2016-09-29T16:57:58" hostname="epicodus-9.local" time="0.127">
  <properties/>
  <testcase name="createNewTag_createsTagProperly" classname="UserTest" time="0.127"/>
  <system-out><![CDATA[foo
]]></system-out>
  <system-err><![CDATA[]]></system-err>
</testsuite>
